# JRE version: OpenJDK Runtime Environment (17.0.2+8) (build 17.0.2+8-86)
# Java VM: OpenJDK 64-Bit Server VM (17.0.2+8-86, mixed mode, sharing, tiered, compressed oops, compressed class ptrs, g1 gc, windows-amd64)
GC Precious Log:
 CPUs: 20 total, 20 available
 Memory: 15901M
 Large Page Support: Disabled
 NUMA Support: Disabled
 Compressed Oops: Enabled (Zero based)
 Heap Region Size: 2M
 Heap Min Capacity: 8M
 Heap Initial Capacity: 250M
 Heap Max Capacity: 3976M
 Pre-touch: Disabled
 Parallel Workers: 15
 Concurrent Workers: 4
 Concurrent Refinement Workers: 15
 Periodic GC: Disabled
Heap:
 garbage-first heap   total 141312K, used 65375K [0x0000000707800000, 0x0000000800000000)
  region size 2048K, 12 young (24576K), 2 survivors (4096K)
 Metaspace       used 27507K, committed 27776K, reserved 1081344K
  class space    used 2955K, committed 3072K, reserved 1048576K
GC Heap History (20 events):
Event: 3.373 GC heap before
{Heap before GC invocations=2 (full 0):
 garbage-first heap   total 256000K, used 97959K [0x0000000707800000, 0x0000000800000000)
  region size 2048K, 46 young (94208K), 2 survivors (4096K)
 Metaspace       used 21304K, committed 21504K, reserved 1073152K
  class space    used 2457K, committed 2560K, reserved 1048576K
}
Event: 3.386 GC heap after
{Heap after GC invocations=3 (full 0):
 garbage-first heap   total 256000K, used 19490K [0x0000000707800000, 0x0000000800000000)
  region size 2048K, 6 young (12288K), 6 survivors (12288K)
 Metaspace       used 21304K, committed 21504K, reserved 1073152K
  class space    used 2457K, committed 2560K, reserved 1048576K
}
Event: 4.289 GC heap before
{Heap before GC invocations=4 (full 0):
 garbage-first heap   total 75776K, used 52258K [0x0000000707800000, 0x0000000800000000)
  region size 2048K, 22 young (45056K), 6 survivors (12288K)
 Metaspace       used 22393K, committed 22656K, reserved 1073152K
  class space    used 2536K, committed 2688K, reserved 1048576K
}
Event: 4.315 GC heap after
{Heap after GC invocations=5 (full 0):
 garbage-first heap   total 75776K, used 25930K [0x0000000707800000, 0x0000000800000000)
  region size 2048K, 3 young (6144K), 3 survivors (6144K)
 Metaspace       used 22393K, committed 22656K, reserved 1073152K
  class space    used 2536K, committed 2688K, reserved 1048576K
}
Event: 4.478 GC heap before
{Heap before GC invocations=5 (full 0):
 garbage-first heap   total 75776K, used 27978K [0x0000000707800000, 0x0000000800000000)
  region size 2048K, 4 young (8192K), 3 survivors (6144K)
 Metaspace       used 22587K, committed 22912K, reserved 1073152K
  class space    used 2562K, committed 2688K, reserved 1048576K
}
Event: 4.495 GC heap after
{Heap after GC invocations=6 (full 0):
 garbage-first heap   total 75776K, used 28259K [0x0000000707800000, 0x0000000800000000)
  region size 2048K, 1 young (2048K), 1 survivors (2048K)
 Metaspace       used 22587K, committed 22912K, reserved 1073152K
  class space    used 2562K, committed 2688K, reserved 1048576K
}
Event: 5.551 GC heap before
{Heap before GC invocations=6 (full 0):
 garbage-first heap   total 75776K, used 50787K [0x0000000707800000, 0x0000000800000000)
  region size 2048K, 12 young (24576K), 1 survivors (2048K)
 Metaspace       used 23461K, committed 23680K, reserved 1073152K
  class space    used 2624K, committed 2752K, reserved 1048576K
}
Event: 5.570 GC heap after
{Heap after GC invocations=7 (full 0):
 garbage-first heap   total 75776K, used 31525K [0x0000000707800000, 0x0000000800000000)
  region size 2048K, 2 young (4096K), 2 survivors (4096K)
 Metaspace       used 23461K, committed 23680K, reserved 1073152K
  class space    used 2624K, committed 2752K, reserved 1048576K
}
Event: 5.899 GC heap before
{Heap before GC invocations=7 (full 0):
 garbage-first heap   total 75776K, used 52005K [0x0000000707800000, 0x0000000800000000)
  region size 2048K, 12 young (24576K), 2 survivors (4096K)
 Metaspace       used 23817K, committed 24064K, reserved 1073152K
  class space    used 2654K, committed 2752K, reserved 1048576K
}
Event: 5.921 GC heap after
{Heap after GC invocations=8 (full 0):
 garbage-first heap   total 75776K, used 36132K [0x0000000707800000, 0x0000000800000000)
  region size 2048K, 2 young (4096K), 2 survivors (4096K)
 Metaspace       used 23817K, committed 24064K, reserved 1073152K
  class space    used 2654K, committed 2752K, reserved 1048576K
}
Event: 6.366 GC heap before
{Heap before GC invocations=8 (full 0):
 garbage-first heap   total 75776K, used 54564K [0x0000000707800000, 0x0000000800000000)
  region size 2048K, 11 young (22528K), 2 survivors (4096K)
 Metaspace       used 24204K, committed 24384K, reserved 1073152K
  class space    used 2677K, committed 2752K, reserved 1048576K
}
Event: 6.390 GC heap after
{Heap after GC invocations=9 (full 0):
 garbage-first heap   total 116736K, used 38753K [0x0000000707800000, 0x0000000800000000)
  region size 2048K, 2 young (4096K), 2 survivors (4096K)
 Metaspace       used 24204K, committed 24384K, reserved 1073152K
  class space    used 2677K, committed 2752K, reserved 1048576K
}
Event: 8.455 GC heap before
{Heap before GC invocations=9 (full 0):
 garbage-first heap   total 116736K, used 81761K [0x0000000707800000, 0x0000000800000000)
  region size 2048K, 22 young (45056K), 2 survivors (4096K)
 Metaspace       used 26748K, committed 26944K, reserved 1073152K
  class space    used 2922K, committed 3008K, reserved 1048576K
}
Event: 8.477 GC heap after
{Heap after GC invocations=10 (full 0):
 garbage-first heap   total 116736K, used 43012K [0x0000000707800000, 0x0000000800000000)
  region size 2048K, 3 young (6144K), 3 survivors (6144K)
 Metaspace       used 26748K, committed 26944K, reserved 1073152K
  class space    used 2922K, committed 3008K, reserved 1048576K
}
Event: 9.645 GC heap before
{Heap before GC invocations=10 (full 0):
 garbage-first heap   total 116736K, used 81924K [0x0000000707800000, 0x0000000800000000)
  region size 2048K, 22 young (45056K), 3 survivors (6144K)
 Metaspace       used 27088K, committed 27328K, reserved 1081344K
  class space    used 2930K, committed 3008K, reserved 1048576K
}
Event: 9.666 GC heap after
{Heap after GC invocations=11 (full 0):
 garbage-first heap   total 116736K, used 44276K [0x0000000707800000, 0x0000000800000000)
  region size 2048K, 2 young (4096K), 2 survivors (4096K)
 Metaspace       used 27088K, committed 27328K, reserved 1081344K
  class space    used 2930K, committed 3008K, reserved 1048576K
}
Event: 11.006 GC heap before
{Heap before GC invocations=11 (full 0):
 garbage-first heap   total 116736K, used 85236K [0x0000000707800000, 0x0000000800000000)
  region size 2048K, 22 young (45056K), 2 survivors (4096K)
 Metaspace       used 27322K, committed 27584K, reserved 1081344K
  class space    used 2947K, committed 3072K, reserved 1048576K
}
Event: 11.032 GC heap after
{Heap after GC invocations=12 (full 0):
 garbage-first heap   total 116736K, used 45986K [0x0000000707800000, 0x0000000800000000)
  region size 2048K, 2 young (4096K), 2 survivors (4096K)
 Metaspace       used 27322K, committed 27584K, reserved 1081344K
  class space    used 2947K, committed 3072K, reserved 1048576K
}
Event: 11.893 GC heap before
{Heap before GC invocations=12 (full 0):
 garbage-first heap   total 116736K, used 88994K [0x0000000707800000, 0x0000000800000000)
  region size 2048K, 23 young (47104K), 2 survivors (4096K)
 Metaspace       used 27476K, committed 27712K, reserved 1081344K
  class space    used 2955K, committed 3072K, reserved 1048576K
}
Event: 11.909 GC heap after
{Heap after GC invocations=13 (full 0):
 garbage-first heap   total 141312K, used 46943K [0x0000000707800000, 0x0000000800000000)
  region size 2048K, 2 young (4096K), 2 survivors (4096K)
 Metaspace       used 27476K, committed 27712K, reserved 1081344K
  class space    used 2955K, committed 3072K, reserved 1048576K
}

